<?xml version="1.0" encoding="UTF-8"?>
<!-- Generated by org.testng.reporters.JUnitReportReporter -->
<testsuite hostname="SathyaNJ" failures="0" tests="1" name="tests.TC001_SignUpTest" time="8.544" errors="0" timestamp="2025-03-12T05:19:09 IST" skipped="0">
  <testcase classname="tests.TC001_SignUpTest" name="signUpTest" time="8.544"/>
</testsuite> <!-- tests.TC001_SignUpTest -->
