<?xml version="1.0" encoding="UTF-8"?>
<!-- Generated by org.testng.reporters.JUnitReportReporter -->
<testsuite hostname="SathyaNJ" failures="0" tests="2" name="tests.TC002_LoginTest" time="13.147" errors="0" timestamp="2025-03-12T05:19:09 IST" skipped="0">
  <testcase classname="tests.TC002_LoginTest" name="loginTest" time="6.786"/>
  <testcase classname="tests.TC002_LoginTest" name="loginTest" time="6.361"/>
</testsuite> <!-- tests.TC002_LoginTest -->
